<?xml version="1.0" encoding="utf-8" standalone="no"?>
<test-results xmlns:xsi="http://www.w3.org/2001/XMLSchema-instance" xsi:noNamespaceSchemaLocation="nunit_schema_2.5.xsd" name="Pester" total="8" errors="0" failures="1" not-run="0" inconclusive="0" ignored="0" skipped="0" invalid="0" date="2023-09-01" time="07:49:11">
  <environment user="Kurt" cwd="C:\Users\Kurt\Source\repos\SBOM-Researcher" platform="Microsoft Windows 11 Home|C:\WINDOWS|\Device\Harddisk0\Partition4" clr-version="Unknown" os-version="10.0.22621" machine-name="BIGDAWG" user-domain="BIGDAWG" nunit-version="2.5.8.0" />
  <culture-info current-culture="en-US" current-uiculture="en-US" />
  <test-suite type="TestFixture" name="Pester" executed="True" result="Failure" success="False" time="0.3067" asserts="0" description="Pester">
    <results>
      <test-suite type="TestFixture" name="C:\Users\Kurt\Source\repos\SBOM-Researcher\SBOMResearcher.Tests.ps1" executed="True" result="Failure" success="False" time="0.3067" asserts="0" description="C:\Users\Kurt\Source\repos\SBOM-Researcher\SBOMResearcher.Tests.ps1">
        <results>
          <test-suite type="TestFixture" name="Get-HighVersion" executed="True" result="Failure" success="False" time="0.2247" asserts="0" description="Get-HighVersion">
            <results>
              <test-suite type="ParameterizedTest" name="Get-HighVersion.returns &lt;Expected&gt; when High is &lt;High&gt; and Compare is &lt;Compare&gt;" executed="True" result="Failure" success="False" time="0.1417" asserts="0" description="returns &lt;Expected&gt; when High is &lt;High&gt; and Compare is &lt;Compare&gt;">
                <results>
                  <test-case description="returns Unresolved version when High is UNSET and Compare is UNSET" name="Get-HighVersion.returns Unresolved version when High is UNSET and Compare is UNSET" time="0.0623" asserts="0" success="True" result="Success" executed="True" />
                  <test-case description="returns 1.0.0 when High is UNSET and Compare is 1.0.0" name="Get-HighVersion.returns 1.0.0 when High is UNSET and Compare is 1.0.0" time="0.0025" asserts="0" success="True" result="Success" executed="True" />
                  <test-case description="returns UNSET when High is 1.0.0 and Compare is UNSET" name="Get-HighVersion.returns UNSET when High is 1.0.0 and Compare is UNSET" time="0.0389" asserts="0" success="False" result="Failure" executed="True">
                    <failure>
                      <message>Expected strings to be the same, but they were different.
Expected length: 5
Actual length:   18
Strings differ at index 2.
Expected: 'UNSET'
But was:  'Unresolved version'
at Get-HighVersion -High $High -Compare $Compare | Should -Be $Expected, C:\Users\Kurt\Source\repos\SBOM-Researcher\SBOMResearcher.Tests.ps1:20</message>
                      <stack-trace>at &lt;ScriptBlock&gt;, C:\Users\Kurt\Source\repos\SBOM-Researcher\SBOMResearcher.Tests.ps1:20</stack-trace>
                    </failure>
                  </test-case>
                  <test-case description="returns 2.0.0 when High is 1.0.0 and Compare is 2.0.0" name="Get-HighVersion.returns 2.0.0 when High is 1.0.0 and Compare is 2.0.0" time="0.0176" asserts="0" success="True" result="Success" executed="True" />
                  <test-case description="returns 2.0.0 when High is 2.0.0 and Compare is 1.0.0" name="Get-HighVersion.returns 2.0.0 when High is 2.0.0 and Compare is 1.0.0" time="0.0035" asserts="0" success="True" result="Success" executed="True" />
                  <test-case description="returns Unresolved version when High is Unresolved version and Compare is UNSET" name="Get-HighVersion.returns Unresolved version when High is Unresolved version and Compare is UNSET" time="0.0046" asserts="0" success="True" result="Success" executed="True" />
                  <test-case description="returns Unresolved version when High is Unresolved version and Compare is 1.0.0" name="Get-HighVersion.returns Unresolved version when High is Unresolved version and Compare is 1.0.0" time="0.0045" asserts="0" success="True" result="Success" executed="True" />
                  <test-case description="returns Unresolved version when High is 1.0.0 and Compare is Invalid" name="Get-HighVersion.returns Unresolved version when High is 1.0.0 and Compare is Invalid" time="0.0078" asserts="0" success="True" result="Success" executed="True" />
                </results>
              </test-suite>
            </results>
          </test-suite>
        </results>
      </test-suite>
    </results>
  </test-suite>
</test-results>